Using pre-set license
Built from '2021.3/staging' branch; Version is '2021.3.0f1 (6eacc8284459) revision 7253192'; Using compiler version '192829333'; Build Type 'Release'
OS: 'Windows 10  (10.0.19044) 64bit Professional' Language: 'en' Physical Memory: 16333 MB
BatchMode: 1, IsHumanControllingUs: 0, StartBugReporterOnCrash: 0, Is64bit: 1, IsPro: 1

COMMAND LINE ARGUMENTS:
G:\IDEs\Unity Hub\Editor\2021.3.0f1\Editor\Unity.exe
-adb2
-batchMode
-noUpm
-name
AssetImportWorker2
-projectPath
G:/Coding Workspaces - Forks/BCI-Connect4/My project
-logFile
Logs/AssetImportWorker2.log
-srvPort
60460
Successfully changed project path to: G:/Coding Workspaces - Forks/BCI-Connect4/My project
G:/Coding Workspaces - Forks/BCI-Connect4/My project
[UnityMemory] Configuration Parameters - Can be set up in boot.config
    "memorysetup-bucket-allocator-granularity=16"
    "memorysetup-bucket-allocator-bucket-count=8"
    "memorysetup-bucket-allocator-block-size=33554432"
    "memorysetup-bucket-allocator-block-count=8"
    "memorysetup-main-allocator-block-size=16777216"
    "memorysetup-thread-allocator-block-size=16777216"
    "memorysetup-gfx-main-allocator-block-size=16777216"
    "memorysetup-gfx-thread-allocator-block-size=16777216"
    "memorysetup-cache-allocator-block-size=4194304"
    "memorysetup-typetree-allocator-block-size=2097152"
    "memorysetup-profiler-bucket-allocator-granularity=16"
    "memorysetup-profiler-bucket-allocator-bucket-count=8"
    "memorysetup-profiler-bucket-allocator-block-size=33554432"
    "memorysetup-profiler-bucket-allocator-block-count=8"
    "memorysetup-profiler-allocator-block-size=16777216"
    "memorysetup-profiler-editor-allocator-block-size=1048576"
    "memorysetup-temp-allocator-size-main=16777216"
    "memorysetup-job-temp-allocator-block-size=2097152"
    "memorysetup-job-temp-allocator-block-size-background=1048576"
    "memorysetup-job-temp-allocator-reduction-small-platforms=262144"
    "memorysetup-temp-allocator-size-background-worker=32768"
    "memorysetup-temp-allocator-size-job-worker=262144"
    "memorysetup-temp-allocator-size-preload-manager=33554432"
    "memorysetup-temp-allocator-size-nav-mesh-worker=65536"
    "memorysetup-temp-allocator-size-audio-worker=65536"
    "memorysetup-temp-allocator-size-cloud-worker=32768"
    "memorysetup-temp-allocator-size-gi-baking-worker=262144"
    "memorysetup-temp-allocator-size-gfx=262144"
Refreshing native plugins compatible for Editor in 104.11 ms, found 4 plugins.
Preloading 0 native plugins for Editor in 0.00 ms.
Initialize engine version: 2021.3.0f1 (6eacc8284459)
[Subsystems] Discovering subsystems at path G:/IDEs/Unity Hub/Editor/2021.3.0f1/Editor/Data/Resources/UnitySubsystems
[Subsystems] Discovering subsystems at path G:/Coding Workspaces - Forks/BCI-Connect4/My project/Assets
GfxDevice: creating device client; threaded=0; jobified=0
Direct3D:
    Version:  Direct3D 11.0 [level 11.1]
    Renderer: NVIDIA GeForce GTX 1070 (ID=0x1b81)
    Vendor:   NVIDIA
    VRAM:     8088 MB
    Driver:   30.0.15.1215
Initialize mono
Mono path[0] = 'G:/IDEs/Unity Hub/Editor/2021.3.0f1/Editor/Data/Managed'
Mono path[1] = 'G:/IDEs/Unity Hub/Editor/2021.3.0f1/Editor/Data/MonoBleedingEdge/lib/mono/unityjit-win32'
Mono config path = 'G:/IDEs/Unity Hub/Editor/2021.3.0f1/Editor/Data/MonoBleedingEdge/etc'
Using monoOptions --debugger-agent=transport=dt_socket,embedding=1,server=y,suspend=n,address=127.0.0.1:56364
Begin MonoManager ReloadAssembly
Registering precompiled unity dll's ...
Register platform support module: G:/IDEs/Unity Hub/Editor/2021.3.0f1/Editor/Data/PlaybackEngines/WebGLSupport/UnityEditor.WebGL.Extensions.dll
Register platform support module: G:/IDEs/Unity Hub/Editor/2021.3.0f1/Editor/Data/PlaybackEngines/WindowsStandaloneSupport/UnityEditor.WindowsStandalone.Extensions.dll
Registered in 0.004686 seconds.
Native extension for WindowsStandalone target not found
Native extension for WebGL target not found
Refreshing native plugins compatible for Editor in 95.32 ms, found 4 plugins.
Preloading 0 native plugins for Editor in 0.00 ms.
Mono: successfully reloaded assembly
- Completed reload, in  0.674 seconds
Domain Reload Profiling:
	ReloadAssembly (675ms)
		BeginReloadAssembly (78ms)
			ExecutionOrderSort (0ms)
			DisableScriptedObjects (0ms)
			BackupInstance (0ms)
			ReleaseScriptingObjects (0ms)
			CreateAndSetChildDomain (1ms)
		EndReloadAssembly (484ms)
			LoadAssemblies (77ms)
			RebuildTransferFunctionScriptingTraits (0ms)
			SetupTypeCache (107ms)
			ReleaseScriptCaches (0ms)
			RebuildScriptCaches (27ms)
			SetupLoadedEditorAssemblies (301ms)
				LogAssemblyErrors (0ms)
				InitializePlatformSupportModulesInManaged (8ms)
				SetLoadedEditorAssemblies (0ms)
				RefreshPlugins (95ms)
				BeforeProcessingInitializeOnLoad (1ms)
				ProcessInitializeOnLoadAttributes (148ms)
				ProcessInitializeOnLoadMethodAttributes (48ms)
				AfterProcessingInitializeOnLoad (0ms)
				EditorAssembliesLoaded (0ms)
			ExecutionOrderSort2 (0ms)
			AwakeInstancesAfterBackupRestoration (0ms)
Platform modules already initialized, skipping
Registering precompiled user dll's ...
Registered in 0.005005 seconds.
Begin MonoManager ReloadAssembly
Symbol file LoadedFromMemory doesn't match image G:\Coding Workspaces - Forks\BCI-Connect4\My project\Library\PackageCache\com.unity.visualscripting@1.7.6\Editor\VisualScripting.Core\Dependencies\YamlDotNet\Unity.VisualScripting.YamlDotNet.dll
Symbol file LoadedFromMemory is not a mono symbol file
Symbol file LoadedFromMemory doesn't match image G:\Coding Workspaces - Forks\BCI-Connect4\My project\Library\PackageCache\com.unity.visualscripting@1.7.6\Editor\VisualScripting.Core\Dependencies\DotNetZip\Unity.VisualScripting.IonicZip.dll
Native extension for WindowsStandalone target not found
Native extension for WebGL target not found
Refreshing native plugins compatible for Editor in 95.15 ms, found 4 plugins.
Preloading 0 native plugins for Editor in 0.00 ms.
Mono: successfully reloaded assembly
- Completed reload, in  1.126 seconds
Domain Reload Profiling:
	ReloadAssembly (1127ms)
		BeginReloadAssembly (112ms)
			ExecutionOrderSort (0ms)
			DisableScriptedObjects (6ms)
			BackupInstance (0ms)
			ReleaseScriptingObjects (0ms)
			CreateAndSetChildDomain (19ms)
		EndReloadAssembly (898ms)
			LoadAssemblies (94ms)
			RebuildTransferFunctionScriptingTraits (0ms)
			SetupTypeCache (234ms)
			ReleaseScriptCaches (1ms)
			RebuildScriptCaches (57ms)
			SetupLoadedEditorAssemblies (469ms)
				LogAssemblyErrors (0ms)
				InitializePlatformSupportModulesInManaged (5ms)
				SetLoadedEditorAssemblies (0ms)
				RefreshPlugins (95ms)
				BeforeProcessingInitializeOnLoad (91ms)
				ProcessInitializeOnLoadAttributes (234ms)
				ProcessInitializeOnLoadMethodAttributes (40ms)
				AfterProcessingInitializeOnLoad (4ms)
				EditorAssembliesLoaded (0ms)
			ExecutionOrderSort2 (0ms)
			AwakeInstancesAfterBackupRestoration (7ms)
Platform modules already initialized, skipping
========================================================================
Worker process is ready to serve import requests
Launched and connected shader compiler UnityShaderCompiler.exe after 0.06 seconds
Refreshing native plugins compatible for Editor in 0.83 ms, found 4 plugins.
Preloading 0 native plugins for Editor in 0.00 ms.
Unloading 3913 Unused Serialized files (Serialized files now loaded: 0)
Unloading 40 unused Assets / (225.3 KB). Loaded Objects now: 4366.
Memory consumption went from 146.9 MB to 146.7 MB.
Total: 4.082700 ms (FindLiveObjects: 0.438000 ms CreateObjectMapping: 0.101600 ms MarkObjects: 3.351700 ms  DeleteObjects: 0.189400 ms)

AssetImportParameters requested are different than current active one (requested -> active):
  custom:video-decoder-ogg-theora: a1e56fd34408186e4bbccfd4996cb3dc -> 
  custom:container-muxer-webm: aa71ff27fc2769a1b78a27578f13a17b -> 
  custom:container-demuxer-webm: 4f35f7cbe854078d1ac9338744f61a02 -> 
  custom:video-encoder-webm-vp8: eb34c28f22e8b96e1ab97ce403110664 -> 
  custom:audio-encoder-webm-vorbis: bf7c407c2cedff20999df2af8eb42d56 -> 
  custom:framework-win-MediaFoundation: 216162199b28c13a410421893ffa2e32 -> 
  custom:container-demuxer-ogg: 62fdf1f143b41e24485cea50d1cbac27 -> 
  custom:video-decoder-webm-vp8: 9c59270c3fd7afecdb556c50c9e8de78 -> 
  custom:audio-decoder-ogg-vorbis: bf7c407c2cedff20999df2af8eb42d56 -> 
========================================================================
Received Import Request.
  Time since last request: 49855.621310 seconds.
  path: Assets/SpriteLib.spriteLib
  artifactKey: Guid(b7944cd0074069845a36a0e64fd8a580) Importer(815301076,1909f56bfc062723c751e8b465ee728b)
Start importing Assets/SpriteLib.spriteLib using Guid(b7944cd0074069845a36a0e64fd8a580) Importer(815301076,1909f56bfc062723c751e8b465ee728b)  -> (artifact id: 'a715ba0eefda1b0351dbe4065f6b9cf6') in 0.038005 seconds 
========================================================================
Received Import Request.
  Time since last request: 4.183188 seconds.
  path: Assets/Tilemap.psd
  artifactKey: Guid(f9155b877761b614da89a10c1eba7cbc) Importer(815301076,1909f56bfc062723c751e8b465ee728b)
Start importing Assets/Tilemap.psd using Guid(f9155b877761b614da89a10c1eba7cbc) Importer(815301076,1909f56bfc062723c751e8b465ee728b)  -> (artifact id: '0920762339097d2ffa745174c6fb7092') in 0.132633 seconds 
========================================================================
Received Import Request.
  Time since last request: 45.387815 seconds.
  path: Assets/Tilemap.psd
  artifactKey: Guid(f9155b877761b614da89a10c1eba7cbc) Importer(815301076,1909f56bfc062723c751e8b465ee728b)
Start importing Assets/Tilemap.psd using Guid(f9155b877761b614da89a10c1eba7cbc) Importer(815301076,1909f56bfc062723c751e8b465ee728b)  -> (artifact id: '76559a630b042045dbf1daccaf4edfa9') in 0.008998 seconds 
========================================================================
Received Import Request.
  Time since last request: 57.406785 seconds.
  path: Assets/Tilemap.psd
  artifactKey: Guid(f9155b877761b614da89a10c1eba7cbc) Importer(815301076,1909f56bfc062723c751e8b465ee728b)
Start importing Assets/Tilemap.psd using Guid(f9155b877761b614da89a10c1eba7cbc) Importer(815301076,1909f56bfc062723c751e8b465ee728b)  -> (artifact id: '1024a5ba1a260914978e5dc3a641fb42') in 0.036428 seconds 
========================================================================
Received Import Request.
  Time since last request: 22.845597 seconds.
  path: Assets/Tilemaps
  artifactKey: Guid(a2d4ddea9e0d2744481f5ab93137ab30) Importer(815301076,1909f56bfc062723c751e8b465ee728b)
Start importing Assets/Tilemaps using Guid(a2d4ddea9e0d2744481f5ab93137ab30) Importer(815301076,1909f56bfc062723c751e8b465ee728b)  -> (artifact id: '940cb0733d6ccf65a44f5933d66c8db2') in 0.002227 seconds 
========================================================================
Received Import Request.
  Time since last request: 198.885359 seconds.
  path: Assets/Tilemaps/Main.psd
  artifactKey: Guid(f9155b877761b614da89a10c1eba7cbc) Importer(815301076,1909f56bfc062723c751e8b465ee728b)
Start importing Assets/Tilemaps/Main.psd using Guid(f9155b877761b614da89a10c1eba7cbc) Importer(815301076,1909f56bfc062723c751e8b465ee728b)  -> (artifact id: '06706b94edc915aad36c7a47670dc1a7') in 0.030319 seconds 
========================================================================
Received Import Request.
  Time since last request: 134.156838 seconds.
  path: Assets/Tilemaps/Board Tiles.prefab
  artifactKey: Guid(c4a10919c79264144bc210771e0719ae) Importer(815301076,1909f56bfc062723c751e8b465ee728b)
Start importing Assets/Tilemaps/Board Tiles.prefab using Guid(c4a10919c79264144bc210771e0719ae) Importer(815301076,1909f56bfc062723c751e8b465ee728b)  -> (artifact id: '7606d322c5682b1c9b6280ca9e453e23') in 0.057002 seconds 
========================================================================
Received Import Request.
  Time since last request: 17.235686 seconds.
  path: Assets/Tilemaps/Tilemap_0.asset
  artifactKey: Guid(8de99e2050c08d2499a4995cc7bd181e) Importer(815301076,1909f56bfc062723c751e8b465ee728b)
Start importing Assets/Tilemaps/Tilemap_0.asset using Guid(8de99e2050c08d2499a4995cc7bd181e) Importer(815301076,1909f56bfc062723c751e8b465ee728b)  -> (artifact id: 'e296c10bc41f29f91bfa12617cc413a5') in 0.012239 seconds 
========================================================================
Received Import Request.
  Time since last request: 1.006320 seconds.
  path: Assets/Tilemaps/Board Tiles.prefab
  artifactKey: Guid(c4a10919c79264144bc210771e0719ae) Importer(815301076,1909f56bfc062723c751e8b465ee728b)
Start importing Assets/Tilemaps/Board Tiles.prefab using Guid(c4a10919c79264144bc210771e0719ae) Importer(815301076,1909f56bfc062723c751e8b465ee728b)  -> (artifact id: 'babc3ff8f8877192187ed105e6ccdba6') in 0.012614 seconds 
========================================================================
Received Import Request.
  Time since last request: 17.604735 seconds.
  path: Assets/Tilemaps/Tilemap_1.asset
  artifactKey: Guid(b29cd307bc5d3b9448592ec183c43376) Importer(815301076,1909f56bfc062723c751e8b465ee728b)
Start importing Assets/Tilemaps/Tilemap_1.asset using Guid(b29cd307bc5d3b9448592ec183c43376) Importer(815301076,1909f56bfc062723c751e8b465ee728b)  -> (artifact id: 'a501cbe95755f395c8e999bd7af0683a') in 0.008606 seconds 
========================================================================
Received Import Request.
  Time since last request: 0.375895 seconds.
  path: Assets/Tilemaps/Tilemap_2.asset
  artifactKey: Guid(8629cc3923496b246a89168eb1f03b0d) Importer(815301076,1909f56bfc062723c751e8b465ee728b)
Start importing Assets/Tilemaps/Tilemap_2.asset using Guid(8629cc3923496b246a89168eb1f03b0d) Importer(815301076,1909f56bfc062723c751e8b465ee728b)  -> (artifact id: '4de5dbe1558b2d2d764dbc896efce48e') in 0.008188 seconds 
========================================================================
Received Import Request.
  Time since last request: 0.406301 seconds.
  path: Assets/Tilemaps/Tilemap_3.asset
  artifactKey: Guid(99b8ae5cb7049ca4d94f5e3c0013895c) Importer(815301076,1909f56bfc062723c751e8b465ee728b)
Start importing Assets/Tilemaps/Tilemap_3.asset using Guid(99b8ae5cb7049ca4d94f5e3c0013895c) Importer(815301076,1909f56bfc062723c751e8b465ee728b)  -> (artifact id: 'f2c4a21c85f56de6b70123fbc09dd7c6') in 0.010201 seconds 
========================================================================
Received Import Request.
  Time since last request: 23.263602 seconds.
  path: Assets/Tilemaps/Board Tiles.prefab
  artifactKey: Guid(c4a10919c79264144bc210771e0719ae) Importer(815301076,1909f56bfc062723c751e8b465ee728b)
Start importing Assets/Tilemaps/Board Tiles.prefab using Guid(c4a10919c79264144bc210771e0719ae) Importer(815301076,1909f56bfc062723c751e8b465ee728b)  -> (artifact id: 'bac5a01ba21032a2b1c1bc6b4e154509') in 0.007498 seconds 
========================================================================
Received Import Request.
  Time since last request: 164.315891 seconds.
  path: Assets
  artifactKey: Guid(00000000000000001000000000000000) Importer(815301076,1909f56bfc062723c751e8b465ee728b)
Start importing Assets using Guid(00000000000000001000000000000000) Importer(815301076,1909f56bfc062723c751e8b465ee728b)  -> (artifact id: '79842766b460edbeab6a34051e857a80') in 0.001688 seconds 
========================================================================
Received Import Request.
  Time since last request: 5.965149 seconds.
  path: Assets/Pallettes
  artifactKey: Guid(328cbeb7b06403e498e1787f80ea8fb8) Importer(815301076,1909f56bfc062723c751e8b465ee728b)
Start importing Assets/Pallettes using Guid(328cbeb7b06403e498e1787f80ea8fb8) Importer(815301076,1909f56bfc062723c751e8b465ee728b)  -> (artifact id: '2fd2ca4368d2f6d794b935b530cf5822') in 0.001756 seconds 
========================================================================
Received Import Request.
  Time since last request: 18.124248 seconds.
  path: Assets/Tilemaps/Board Tiles.prefab
  artifactKey: Guid(c4a10919c79264144bc210771e0719ae) Importer(815301076,1909f56bfc062723c751e8b465ee728b)
Start importing Assets/Tilemaps/Board Tiles.prefab using Guid(c4a10919c79264144bc210771e0719ae) Importer(815301076,1909f56bfc062723c751e8b465ee728b)  -> (artifact id: 'd70cb8f2ac5b971273438eacbd36a724') in 0.013364 seconds 
========================================================================
Received Import Request.
  Time since last request: 35.596252 seconds.
  path: Assets/Palettes
  artifactKey: Guid(328cbeb7b06403e498e1787f80ea8fb8) Importer(815301076,1909f56bfc062723c751e8b465ee728b)
Start importing Assets/Palettes using Guid(328cbeb7b06403e498e1787f80ea8fb8) Importer(815301076,1909f56bfc062723c751e8b465ee728b)  -> (artifact id: 'f55fc70352e3fc8db7d35fb077d79c86') in 0.001853 seconds 
